<?xml version="1.0" encoding="UTF-8"?>
<testsuite xmlns:xsi="http://www.w3.org/2001/XMLSchema-instance" xsi:noNamespaceSchemaLocation="https://maven.apache.org/surefire/maven-surefire-plugin/xsd/surefire-test-report-3.0.xsd" version="3.0" name="TestSuite" time="57.07" tests="12" errors="0" skipped="0" failures="0">
  <properties>
    <property name="sun.desktop" value="windows"/>
    <property name="awt.toolkit" value="sun.awt.windows.WToolkit"/>
    <property name="java.specification.version" value="11"/>
    <property name="webdriver.chrome.driver" value="src/main/resources/chromedriver.exe"/>
    <property name="sun.cpu.isalist" value="amd64"/>
    <property name="sun.jnu.encoding" value="Cp1252"/>
    <property name="java.class.path" value="C:\Users\Shadab Anwar\eclipse-workspace\mavenJava\target\test-classes;C:\Users\Shadab Anwar\eclipse-workspace\mavenJava\target\classes;C:\Users\Shadab Anwar\.m2\repository\org\testng\testng\7.1.0\testng-7.1.0.jar;C:\Users\Shadab Anwar\.m2\repository\com\beust\jcommander\1.72\jcommander-1.72.jar;C:\Users\Shadab Anwar\.m2\repository\com\google\inject\guice\4.1.0\guice-4.1.0-no_aop.jar;C:\Users\Shadab Anwar\.m2\repository\javax\inject\javax.inject\1\javax.inject-1.jar;C:\Users\Shadab Anwar\.m2\repository\aopalliance\aopalliance\1.0\aopalliance-1.0.jar;C:\Users\Shadab Anwar\.m2\repository\org\yaml\snakeyaml\1.21\snakeyaml-1.21.jar;C:\Users\Shadab Anwar\.m2\repository\io\appium\java-client\7.3.0\java-client-7.3.0.jar;C:\Users\Shadab Anwar\.m2\repository\org\seleniumhq\selenium\selenium-support\3.141.59\selenium-support-3.141.59.jar;C:\Users\Shadab Anwar\.m2\repository\org\seleniumhq\selenium\selenium-api\3.141.59\selenium-api-3.141.59.jar;C:\Users\Shadab Anwar\.m2\repository\com\google\code\gson\gson\2.8.5\gson-2.8.5.jar;C:\Users\Shadab Anwar\.m2\repository\org\apache\httpcomponents\httpclient\4.5.9\httpclient-4.5.9.jar;C:\Users\Shadab Anwar\.m2\repository\org\apache\httpcomponents\httpcore\4.4.11\httpcore-4.4.11.jar;C:\Users\Shadab Anwar\.m2\repository\commons-logging\commons-logging\1.2\commons-logging-1.2.jar;C:\Users\Shadab Anwar\.m2\repository\commons-codec\commons-codec\1.11\commons-codec-1.11.jar;C:\Users\Shadab Anwar\.m2\repository\cglib\cglib\3.2.12\cglib-3.2.12.jar;C:\Users\Shadab Anwar\.m2\repository\org\ow2\asm\asm\7.1\asm-7.1.jar;C:\Users\Shadab Anwar\.m2\repository\commons-validator\commons-validator\1.6\commons-validator-1.6.jar;C:\Users\Shadab Anwar\.m2\repository\commons-beanutils\commons-beanutils\1.9.2\commons-beanutils-1.9.2.jar;C:\Users\Shadab Anwar\.m2\repository\commons-digester\commons-digester\1.8.1\commons-digester-1.8.1.jar;C:\Users\Shadab Anwar\.m2\repository\commons-collections\commons-collections\3.2.2\commons-collections-3.2.2.jar;C:\Users\Shadab Anwar\.m2\repository\org\apache\commons\commons-lang3\3.9\commons-lang3-3.9.jar;C:\Users\Shadab Anwar\.m2\repository\commons-io\commons-io\2.6\commons-io-2.6.jar;C:\Users\Shadab Anwar\.m2\repository\org\springframework\spring-context\5.1.8.RELEASE\spring-context-5.1.8.RELEASE.jar;C:\Users\Shadab Anwar\.m2\repository\org\springframework\spring-aop\5.1.8.RELEASE\spring-aop-5.1.8.RELEASE.jar;C:\Users\Shadab Anwar\.m2\repository\org\springframework\spring-beans\5.1.8.RELEASE\spring-beans-5.1.8.RELEASE.jar;C:\Users\Shadab Anwar\.m2\repository\org\springframework\spring-core\5.1.8.RELEASE\spring-core-5.1.8.RELEASE.jar;C:\Users\Shadab Anwar\.m2\repository\org\springframework\spring-jcl\5.1.8.RELEASE\spring-jcl-5.1.8.RELEASE.jar;C:\Users\Shadab Anwar\.m2\repository\org\springframework\spring-expression\5.1.8.RELEASE\spring-expression-5.1.8.RELEASE.jar;C:\Users\Shadab Anwar\.m2\repository\org\aspectj\aspectjweaver\1.9.4\aspectjweaver-1.9.4.jar;C:\Users\Shadab Anwar\.m2\repository\org\slf4j\slf4j-api\1.7.26\slf4j-api-1.7.26.jar;C:\Users\Shadab Anwar\.m2\repository\org\seleniumhq\selenium\selenium-java\3.141.59\selenium-java-3.141.59.jar;C:\Users\Shadab Anwar\.m2\repository\org\seleniumhq\selenium\selenium-chrome-driver\3.141.59\selenium-chrome-driver-3.141.59.jar;C:\Users\Shadab Anwar\.m2\repository\org\seleniumhq\selenium\selenium-edge-driver\3.141.59\selenium-edge-driver-3.141.59.jar;C:\Users\Shadab Anwar\.m2\repository\org\seleniumhq\selenium\selenium-firefox-driver\3.141.59\selenium-firefox-driver-3.141.59.jar;C:\Users\Shadab Anwar\.m2\repository\org\seleniumhq\selenium\selenium-ie-driver\3.141.59\selenium-ie-driver-3.141.59.jar;C:\Users\Shadab Anwar\.m2\repository\org\seleniumhq\selenium\selenium-opera-driver\3.141.59\selenium-opera-driver-3.141.59.jar;C:\Users\Shadab Anwar\.m2\repository\org\seleniumhq\selenium\selenium-remote-driver\3.141.59\selenium-remote-driver-3.141.59.jar;C:\Users\Shadab Anwar\.m2\repository\org\seleniumhq\selenium\selenium-safari-driver\3.141.59\selenium-safari-driver-3.141.59.jar;C:\Users\Shadab Anwar\.m2\repository\net\bytebuddy\byte-buddy\1.8.15\byte-buddy-1.8.15.jar;C:\Users\Shadab Anwar\.m2\repository\org\apache\commons\commons-exec\1.3\commons-exec-1.3.jar;C:\Users\Shadab Anwar\.m2\repository\com\google\guava\guava\25.0-jre\guava-25.0-jre.jar;C:\Users\Shadab Anwar\.m2\repository\com\google\code\findbugs\jsr305\1.3.9\jsr305-1.3.9.jar;C:\Users\Shadab Anwar\.m2\repository\org\checkerframework\checker-compat-qual\2.0.0\checker-compat-qual-2.0.0.jar;C:\Users\Shadab Anwar\.m2\repository\com\google\errorprone\error_prone_annotations\2.1.3\error_prone_annotations-2.1.3.jar;C:\Users\Shadab Anwar\.m2\repository\com\google\j2objc\j2objc-annotations\1.1\j2objc-annotations-1.1.jar;C:\Users\Shadab Anwar\.m2\repository\org\codehaus\mojo\animal-sniffer-annotations\1.14\animal-sniffer-annotations-1.14.jar;C:\Users\Shadab Anwar\.m2\repository\com\squareup\okhttp3\okhttp\3.11.0\okhttp-3.11.0.jar;C:\Users\Shadab Anwar\.m2\repository\com\squareup\okio\okio\1.14.0\okio-1.14.0.jar;"/>
    <property name="java.vm.vendor" value="Oracle Corporation"/>
    <property name="sun.arch.data.model" value="64"/>
    <property name="user.variant" value=""/>
    <property name="java.vendor.url" value="https://openjdk.java.net/"/>
    <property name="user.timezone" value="Asia/Calcutta"/>
    <property name="java.vm.specification.version" value="11"/>
    <property name="os.name" value="Windows 10"/>
    <property name="sun.java.launcher" value="SUN_STANDARD"/>
    <property name="user.country" value="US"/>
    <property name="sun.boot.library.path" value="C:\Program Files\Java\jdk-11.0.7\bin"/>
    <property name="sun.java.command" value="C:\Users\Shadab Anwar\AppData\Local\Temp\surefire16420602167536353048\surefirebooter14299925910487249891.jar C:\Users\Shadab Anwar\AppData\Local\Temp\surefire16420602167536353048 2020-05-04T00-34-59_685-jvmRun1 surefire4388694007977526275tmp surefire_012215633707564787576tmp"/>
    <property name="jdk.debug" value="release"/>
    <property name="surefire.test.class.path" value="C:\Users\Shadab Anwar\eclipse-workspace\mavenJava\target\test-classes;C:\Users\Shadab Anwar\eclipse-workspace\mavenJava\target\classes;C:\Users\Shadab Anwar\.m2\repository\org\testng\testng\7.1.0\testng-7.1.0.jar;C:\Users\Shadab Anwar\.m2\repository\com\beust\jcommander\1.72\jcommander-1.72.jar;C:\Users\Shadab Anwar\.m2\repository\com\google\inject\guice\4.1.0\guice-4.1.0-no_aop.jar;C:\Users\Shadab Anwar\.m2\repository\javax\inject\javax.inject\1\javax.inject-1.jar;C:\Users\Shadab Anwar\.m2\repository\aopalliance\aopalliance\1.0\aopalliance-1.0.jar;C:\Users\Shadab Anwar\.m2\repository\org\yaml\snakeyaml\1.21\snakeyaml-1.21.jar;C:\Users\Shadab Anwar\.m2\repository\io\appium\java-client\7.3.0\java-client-7.3.0.jar;C:\Users\Shadab Anwar\.m2\repository\org\seleniumhq\selenium\selenium-support\3.141.59\selenium-support-3.141.59.jar;C:\Users\Shadab Anwar\.m2\repository\org\seleniumhq\selenium\selenium-api\3.141.59\selenium-api-3.141.59.jar;C:\Users\Shadab Anwar\.m2\repository\com\google\code\gson\gson\2.8.5\gson-2.8.5.jar;C:\Users\Shadab Anwar\.m2\repository\org\apache\httpcomponents\httpclient\4.5.9\httpclient-4.5.9.jar;C:\Users\Shadab Anwar\.m2\repository\org\apache\httpcomponents\httpcore\4.4.11\httpcore-4.4.11.jar;C:\Users\Shadab Anwar\.m2\repository\commons-logging\commons-logging\1.2\commons-logging-1.2.jar;C:\Users\Shadab Anwar\.m2\repository\commons-codec\commons-codec\1.11\commons-codec-1.11.jar;C:\Users\Shadab Anwar\.m2\repository\cglib\cglib\3.2.12\cglib-3.2.12.jar;C:\Users\Shadab Anwar\.m2\repository\org\ow2\asm\asm\7.1\asm-7.1.jar;C:\Users\Shadab Anwar\.m2\repository\commons-validator\commons-validator\1.6\commons-validator-1.6.jar;C:\Users\Shadab Anwar\.m2\repository\commons-beanutils\commons-beanutils\1.9.2\commons-beanutils-1.9.2.jar;C:\Users\Shadab Anwar\.m2\repository\commons-digester\commons-digester\1.8.1\commons-digester-1.8.1.jar;C:\Users\Shadab Anwar\.m2\repository\commons-collections\commons-collections\3.2.2\commons-collections-3.2.2.jar;C:\Users\Shadab Anwar\.m2\repository\org\apache\commons\commons-lang3\3.9\commons-lang3-3.9.jar;C:\Users\Shadab Anwar\.m2\repository\commons-io\commons-io\2.6\commons-io-2.6.jar;C:\Users\Shadab Anwar\.m2\repository\org\springframework\spring-context\5.1.8.RELEASE\spring-context-5.1.8.RELEASE.jar;C:\Users\Shadab Anwar\.m2\repository\org\springframework\spring-aop\5.1.8.RELEASE\spring-aop-5.1.8.RELEASE.jar;C:\Users\Shadab Anwar\.m2\repository\org\springframework\spring-beans\5.1.8.RELEASE\spring-beans-5.1.8.RELEASE.jar;C:\Users\Shadab Anwar\.m2\repository\org\springframework\spring-core\5.1.8.RELEASE\spring-core-5.1.8.RELEASE.jar;C:\Users\Shadab Anwar\.m2\repository\org\springframework\spring-jcl\5.1.8.RELEASE\spring-jcl-5.1.8.RELEASE.jar;C:\Users\Shadab Anwar\.m2\repository\org\springframework\spring-expression\5.1.8.RELEASE\spring-expression-5.1.8.RELEASE.jar;C:\Users\Shadab Anwar\.m2\repository\org\aspectj\aspectjweaver\1.9.4\aspectjweaver-1.9.4.jar;C:\Users\Shadab Anwar\.m2\repository\org\slf4j\slf4j-api\1.7.26\slf4j-api-1.7.26.jar;C:\Users\Shadab Anwar\.m2\repository\org\seleniumhq\selenium\selenium-java\3.141.59\selenium-java-3.141.59.jar;C:\Users\Shadab Anwar\.m2\repository\org\seleniumhq\selenium\selenium-chrome-driver\3.141.59\selenium-chrome-driver-3.141.59.jar;C:\Users\Shadab Anwar\.m2\repository\org\seleniumhq\selenium\selenium-edge-driver\3.141.59\selenium-edge-driver-3.141.59.jar;C:\Users\Shadab Anwar\.m2\repository\org\seleniumhq\selenium\selenium-firefox-driver\3.141.59\selenium-firefox-driver-3.141.59.jar;C:\Users\Shadab Anwar\.m2\repository\org\seleniumhq\selenium\selenium-ie-driver\3.141.59\selenium-ie-driver-3.141.59.jar;C:\Users\Shadab Anwar\.m2\repository\org\seleniumhq\selenium\selenium-opera-driver\3.141.59\selenium-opera-driver-3.141.59.jar;C:\Users\Shadab Anwar\.m2\repository\org\seleniumhq\selenium\selenium-remote-driver\3.141.59\selenium-remote-driver-3.141.59.jar;C:\Users\Shadab Anwar\.m2\repository\org\seleniumhq\selenium\selenium-safari-driver\3.141.59\selenium-safari-driver-3.141.59.jar;C:\Users\Shadab Anwar\.m2\repository\net\bytebuddy\byte-buddy\1.8.15\byte-buddy-1.8.15.jar;C:\Users\Shadab Anwar\.m2\repository\org\apache\commons\commons-exec\1.3\commons-exec-1.3.jar;C:\Users\Shadab Anwar\.m2\repository\com\google\guava\guava\25.0-jre\guava-25.0-jre.jar;C:\Users\Shadab Anwar\.m2\repository\com\google\code\findbugs\jsr305\1.3.9\jsr305-1.3.9.jar;C:\Users\Shadab Anwar\.m2\repository\org\checkerframework\checker-compat-qual\2.0.0\checker-compat-qual-2.0.0.jar;C:\Users\Shadab Anwar\.m2\repository\com\google\errorprone\error_prone_annotations\2.1.3\error_prone_annotations-2.1.3.jar;C:\Users\Shadab Anwar\.m2\repository\com\google\j2objc\j2objc-annotations\1.1\j2objc-annotations-1.1.jar;C:\Users\Shadab Anwar\.m2\repository\org\codehaus\mojo\animal-sniffer-annotations\1.14\animal-sniffer-annotations-1.14.jar;C:\Users\Shadab Anwar\.m2\repository\com\squareup\okhttp3\okhttp\3.11.0\okhttp-3.11.0.jar;C:\Users\Shadab Anwar\.m2\repository\com\squareup\okio\okio\1.14.0\okio-1.14.0.jar;"/>
    <property name="sun.cpu.endian" value="little"/>
    <property name="user.home" value="C:\Users\Shadab Anwar"/>
    <property name="user.language" value="en"/>
    <property name="java.specification.vendor" value="Oracle Corporation"/>
    <property name="java.version.date" value="2020-04-14"/>
    <property name="java.home" value="C:\Program Files\Java\jdk-11.0.7"/>
    <property name="file.separator" value="\"/>
    <property name="basedir" value="C:\Users\Shadab Anwar\eclipse-workspace\mavenJava"/>
    <property name="java.vm.compressedOopsMode" value="32-bit"/>
    <property name="line.separator" value="&#10;"/>
    <property name="java.specification.name" value="Java Platform API Specification"/>
    <property name="java.vm.specification.vendor" value="Oracle Corporation"/>
    <property name="java.awt.graphicsenv" value="sun.awt.Win32GraphicsEnvironment"/>
    <property name="surefire.real.class.path" value="C:\Users\Shadab Anwar\AppData\Local\Temp\surefire16420602167536353048\surefirebooter14299925910487249891.jar"/>
    <property name="user.script" value=""/>
    <property name="sun.management.compiler" value="HotSpot 64-Bit Tiered Compilers"/>
    <property name="java.runtime.version" value="11.0.7+8-LTS"/>
    <property name="user.name" value="Shadab Anwar"/>
    <property name="path.separator" value=";"/>
    <property name="os.version" value="10.0"/>
    <property name="java.runtime.name" value="Java(TM) SE Runtime Environment"/>
    <property name="file.encoding" value="Cp1252"/>
    <property name="java.vm.name" value="Java HotSpot(TM) 64-Bit Server VM"/>
    <property name="java.vendor.version" value="18.9"/>
    <property name="localRepository" value="C:\Users\Shadab Anwar\.m2\repository"/>
    <property name="java.vendor.url.bug" value="https://bugreport.java.com/bugreport/"/>
    <property name="java.io.tmpdir" value="C:\Users\SHADAB~1\AppData\Local\Temp\"/>
    <property name="java.version" value="11.0.7"/>
    <property name="user.dir" value="C:\Users\Shadab Anwar\eclipse-workspace\mavenJava"/>
    <property name="os.arch" value="amd64"/>
    <property name="java.vm.specification.name" value="Java Virtual Machine Specification"/>
    <property name="java.awt.printerjob" value="sun.awt.windows.WPrinterJob"/>
    <property name="sun.os.patch.level" value=""/>
    <property name="java.library.path" value="C:\Program Files\Java\jdk-11.0.7\bin;C:\Windows\Sun\Java\bin;C:\Windows\system32;C:\Windows;C:\Users\Shadab Anwar\apache-maven-3.6.3/bin;C:\Program Files\Java\jdk-11.0.7/bin;C:\Program Files\Java\jdk-11.0.7/bin;C:\Program Files (x86)\Common Files\Oracle\Java\javapath;C:\Windows\system32;C:\Windows;C:\Windows\System32\Wbem;C:\Windows\System32\WindowsPowerShell\v1.0\;C:\Windows\System32\OpenSSH\;C:\Program Files\Java\jdk-14.0.1\bin;C:\Users\Shadab Anwar\apache-maven-3.6.3\bin;C:\Users\ff\AppData\Local\Android\Sdk\tools\bin;C:\Users\ff\AppData\Local\Android\Sdk\tools;C:\Users\ff\AppData\Local\Android\Sdk\platform-tools;C:\Users\Shadab Anwar\apache-maven-3.6.3\bin;C:\Users\Shadab Anwar\AppData\Local\Microsoft\WindowsApps;;."/>
    <property name="java.vendor" value="Oracle Corporation"/>
    <property name="java.vm.info" value="mixed mode"/>
    <property name="java.vm.version" value="11.0.7+8-LTS"/>
    <property name="sun.io.unicode.encoding" value="UnicodeLittle"/>
    <property name="java.class.version" value="55.0"/>
  </properties>
  <testcase name="JavaFourTest" classname="JavaCodes.OneTest" time="0.006"/>
  <testcase name="JavaOneTest" classname="JavaCodes.OneTest" time="0"/>
  <testcase name="JavaSixTest" classname="JavaCodes.OneTest" time="0.001"/>
  <testcase name="JavaTwoTest" classname="JavaCodes.OneTest" time="0"/>
  <testcase name="NewJavatestOne" classname="JavaCodes.TwoTest" time="0"/>
  <testcase name="NewJavatestTwo" classname="JavaCodes.TwoTest" time="0"/>
  <testcase name="JavaoneTest" classname="mavenJava.JavaTest" time="0"/>
  <testcase name="test" classname="mavenJava.JavaTest" time="0"/>
  <testcase name="negativetest" classname="mavenJava.NegativeTest" time="12.77"/>
  <testcase name="ItmLinkTest" classname="mavenJava.PositiveTest" time="16.05"/>
  <testcase name="LogoutTest" classname="mavenJava.PositiveTest" time="13.848"/>
  <testcase name="TestNg" classname="mavenJava.PositiveTest" time="13.448"/>
</testsuite>