<?xml version="1.0" encoding="UTF-8"?>
<!-- Generated by org.testng.reporters.JUnitReportReporter -->
<testsuite hostname="TTR358" failures="0" tests="1" name="mavenJava.NegativeTest" time="11.883" errors="0" timestamp="2020-05-03T22:21:42 IST" skipped="0">
  <testcase classname="mavenJava.NegativeTest" name="negativetest" time="11.883"/>
  <system-out/>
</testsuite> <!-- mavenJava.NegativeTest -->
