<?xml version="1.0" encoding="UTF-8"?>
<!-- Generated by org.testng.reporters.JUnitReportReporter -->
<testsuite hostname="TTR358" failures="0" tests="4" name="JavaCodes.OneTest" time="0.013" errors="0" timestamp="2020-05-04T00:09:01 IST" skipped="0">
  <testcase classname="JavaCodes.OneTest" name="JavaTwoTest" time="0.002"/>
  <system-out/>
  <testcase classname="JavaCodes.OneTest" name="JavaSixTest" time="0.002"/>
  <system-out/>
  <testcase classname="JavaCodes.OneTest" name="JavaOneTest" time="0.002"/>
  <system-out/>
  <testcase classname="JavaCodes.OneTest" name="JavaFourTest" time="0.007"/>
  <system-out/>
</testsuite> <!-- JavaCodes.OneTest -->
