<?xml version="1.0" encoding="UTF-8"?>
<!-- Generated by org.testng.reporters.JUnitReportReporter -->
<testsuite hostname="TTR358" failures="0" tests="2" name="mavenJava.JavaTest" time="0.008" errors="0" timestamp="2020-05-03T22:21:42 IST" skipped="0">
  <testcase classname="mavenJava.JavaTest" name="test" time="0.004"/>
  <system-out/>
  <testcase classname="mavenJava.JavaTest" name="JavaoneTest" time="0.004"/>
  <system-out/>
</testsuite> <!-- mavenJava.JavaTest -->
