<?xml version="1.0" encoding="UTF-8"?>
<!-- Generated by org.testng.reporters.JUnitReportReporter -->
<testsuite hostname="TTR358" failures="0" tests="3" name="mavenJava.PositiveTest" time="47.489" errors="0" timestamp="2020-05-03T22:21:42 IST" skipped="0">
  <testcase classname="mavenJava.PositiveTest" name="LogoutTest" time="13.557"/>
  <system-out/>
  <testcase classname="mavenJava.PositiveTest" name="TestNg" time="14.714"/>
  <system-out/>
  <testcase classname="mavenJava.PositiveTest" name="ItmLinkTest" time="19.218"/>
  <system-out/>
</testsuite> <!-- mavenJava.PositiveTest -->
