<?xml version="1.0" encoding="UTF-8"?>
<!-- Generated by org.testng.reporters.JUnitReportReporter -->
<testsuite hostname="TTR358" failures="0" tests="1" name="mavenJava.TestNg" time="4.239" errors="0" timestamp="2020-05-03T01:52:23 IST" skipped="0">
  <testcase classname="mavenJava.TestNg" name="TestNg" time="4.239"/>
  <system-out/>
</testsuite> <!-- mavenJava.TestNg -->
