<?xml version="1.0" encoding="UTF-8"?>
<!-- Generated by org.testng.reporters.JUnitReportReporter -->
<testsuite hostname="TTR358" failures="0" tests="2" name="JavaCodes.TwoTest" time="0.007" errors="0" timestamp="2020-05-04T00:09:01 IST" skipped="0">
  <testcase classname="JavaCodes.TwoTest" name="NewJavatestOne" time="0.004"/>
  <system-out/>
  <testcase classname="JavaCodes.TwoTest" name="NewJavatestTwo" time="0.003"/>
  <system-out/>
</testsuite> <!-- JavaCodes.TwoTest -->
