<?xml version="1.0" encoding="UTF-8"?>
<!-- Generated by org.testng.reporters.JUnitReportReporter -->
<testsuite hostname="TTR358" failures="0" tests="1" name="mavenJava.test" time="0.010" errors="0" timestamp="2020-05-03T17:06:08 IST" skipped="0">
  <testcase classname="mavenJava.test" name="test" time="0.010"/>
  <system-out/>
</testsuite> <!-- mavenJava.test -->
