<?xml version="1.0" encoding="UTF-8"?>
<!-- Generated by org.testng.reporters.JUnitReportReporter -->
<testsuite hostname="TTR358" failures="0" tests="1" name="mavenJava.NegativeTest" time="12.769" errors="0" timestamp="2020-05-04T00:35:58 IST" skipped="0">
  <testcase classname="mavenJava.NegativeTest" name="negativetest" time="12.769"/>
  <system-out/>
</testsuite> <!-- mavenJava.NegativeTest -->
