<?xml version="1.0" encoding="UTF-8"?>
<!-- Generated by org.testng.reporters.JUnitReportReporter -->
<testsuite hostname="TTR358" failures="0" tests="3" name="mavenJava.PositiveTest" time="43.347" errors="0" timestamp="2020-05-04T00:35:58 IST" skipped="0">
  <testcase classname="mavenJava.PositiveTest" name="ItmLinkTest" time="16.051"/>
  <system-out/>
  <testcase classname="mavenJava.PositiveTest" name="TestNg" time="13.447"/>
  <system-out/>
  <testcase classname="mavenJava.PositiveTest" name="LogoutTest" time="13.849"/>
  <system-out/>
</testsuite> <!-- mavenJava.PositiveTest -->
